[18:05:03] [main/INFO]: Loading Minecraft 1.21.1 with Fabric Loader 0.16.5
[18:05:03] [main/INFO]: Loading 11 mods:
	- fabricloader 0.16.5
	   \-- mixinextras 0.4.1
	- java 21
	- minecraft 1.21.1
	- skinrestorer 2.1.0+1.21-fabric
	- voicechat 1.21.1-2.5.23
	   |-- fabric-api-base 0.4.42+6573ed8c6a
	   |-- fabric-command-api-v2 2.2.28+6ced4dd96a
	   |-- fabric-key-binding-api-v1 1.0.47+0af3f5a76a
	   |-- fabric-lifecycle-events-v1 2.3.12+6c1df3606a
	   |-- fabric-networking-api-v1 4.2.2+60c3209b6a
	   \-- fabric-resource-loader-v0 1.3.0+565991296a
[18:05:04] [main/INFO]: SpongePowered MIXIN Subsystem Version=0.8.7 Source=file:/workspaces/ildserver/servidor_minecraft/libraries/net/fabricmc/sponge-mixin/0.15.3+mixin.0.8.7/sponge-mixin-0.15.3+mixin.0.8.7.jar Service=Knot/Fabric Env=SERVER
[18:05:04] [main/INFO]: Compatibility level set to JAVA_17
[18:05:07] [main/INFO]: Initializing MixinExtras via com.llamalad7.mixinextras.service.MixinExtrasServiceImpl(version=0.4.1).
[18:05:24] [main/INFO]: [voicechat] Compatibility version 18
[18:05:24] [main/INFO]: [voicechat] Loading plugins
[18:05:24] [main/INFO]: [voicechat] Loaded 0 plugin(s)
[18:05:24] [main/INFO]: [voicechat] Initializing plugins
[18:05:24] [main/INFO]: [voicechat] Initialized 0 plugin(s)
[18:05:24] [main/INFO]: Environment: Environment[sessionHost=https://sessionserver.mojang.com, servicesHost=https://api.minecraftservices.com, name=PROD]
[18:05:30] [Worker-Main-1/WARN]: Found loot table element validation problem in {minecraft:loot_table/minecraft:entities/husk}.pools[2].entries[0]: Unknown loot table called husks_drop_sand:entities/husk
[18:05:30] [Worker-Main-1/WARN]: Found loot table element validation problem in {minecraft:loot_table/minecraft:entities/villager}.pools[2].entries[0]: Unknown loot table called villager_death:entities/villager
[18:05:30] [Worker-Main-1/WARN]: Found loot table element validation problem in {minecraft:loot_table/minecraft:entities/bat}.pools[2].entries[0]: Unknown loot table called bat_membranes:entities/bat
[18:05:30] [Worker-Main-1/WARN]: Found loot table element validation problem in {minecraft:loot_table/minecraft:entities/player}.pools[1].entries[0]: Unknown loot table called graves:entities/player
[18:05:30] [Worker-Main-1/WARN]: Found loot table element validation problem in {minecraft:loot_table/minecraft:entities/shulker}.pools[2].entries[0]: Unknown loot table called double_shulker_shells:entities/shulker
[18:05:33] [main/INFO]: Loaded 1497 recipes
[18:05:33] [main/INFO]: Loaded 1684 advancements
[18:05:35] [Server thread/INFO]: Starting minecraft server version 1.21.1
[18:05:35] [Server thread/INFO]: Loading properties
[18:05:35] [Server thread/INFO]: Default game type: SURVIVAL
[18:05:35] [Server thread/INFO]: Generating keypair
[18:05:35] [Server thread/INFO]: Starting Minecraft server on *:25565
[18:05:36] [Server thread/INFO]: Using epoll channel type
[18:05:36] [Server thread/WARN]: **** SERVER IS RUNNING IN OFFLINE/INSECURE MODE!
[18:05:36] [Server thread/WARN]: The server will make no attempt to authenticate usernames. Beware.
[18:05:36] [Server thread/WARN]: While this makes the game possible to play without internet access, it also opens up the ability for hackers to connect with any username they choose.
[18:05:36] [Server thread/WARN]: To change this, set "online-mode" to "true" in the server.properties file.
[18:05:36] [Server thread/INFO]: Preparing level "world"
[18:05:46] [Server thread/INFO]: Preparing start region for dimension minecraft:overworld
[18:05:48] [Worker-Main-1/INFO]: Preparing spawn area: 0%
[18:05:48] [Worker-Main-1/INFO]: Preparing spawn area: 0%
[18:05:48] [Worker-Main-1/INFO]: Preparing spawn area: 0%
[18:05:48] [Worker-Main-1/INFO]: Preparing spawn area: 0%
[18:05:49] [Worker-Main-1/INFO]: Preparing spawn area: 2%
[18:05:49] [Worker-Main-1/INFO]: Preparing spawn area: 2%
[18:05:49] [Worker-Main-1/INFO]: Preparing spawn area: 2%
[18:05:50] [Server thread/INFO]: Time elapsed: 3903 ms
[18:05:50] [Server thread/INFO]: Done (13.518s)! For help, type "help"
[18:05:50] [Server thread/WARN]: [voicechat] Running in offline mode - Voice chat encryption is not secure!
[18:05:50] [VoiceChatServerThread/INFO]: [voicechat] Voice host is 'risk-orchestra.gl.at.ply.gg'
[18:05:50] [VoiceChatServerThread/INFO]: [voicechat] Voice chat server started at port 1416
[18:06:05] [Server thread/INFO]: Stopping the server
[18:06:05] [Server thread/INFO]: Stopping server
[18:06:05] [Server thread/INFO]: Saving players
[18:06:05] [Server thread/INFO]: Saving worlds
[18:06:05] [Server thread/INFO]: Saving chunks for level 'ServerLevel[world]'/minecraft:overworld
[18:06:05] [Server thread/INFO]: Saving chunks for level 'ServerLevel[world]'/minecraft:the_nether
[18:06:05] [Server thread/INFO]: Saving chunks for level 'ServerLevel[world]'/minecraft:the_end
[18:06:06] [Server thread/INFO]: ThreadedAnvilChunkStorage (world): All chunks are saved
[18:06:06] [Server thread/INFO]: ThreadedAnvilChunkStorage (DIM-1): All chunks are saved
[18:06:06] [Server thread/INFO]: ThreadedAnvilChunkStorage (DIM1): All chunks are saved
[18:06:06] [Server thread/INFO]: ThreadedAnvilChunkStorage: All dimensions are saved
